2015/12/01 15:27:58 INFO  - jmeter.util.JMeterUtils: Setting Locale to ko_KR 
2015/12/01 15:27:58 ERROR - jmeter.util.JMeterUtils: Could not find resources for 'ko_KR' 
2015/12/01 15:27:58 INFO  - jmeter.JMeter: Loading user properties from: /usr/local/Cellar/jmeter/2.11/libexec/bin/user.properties 
2015/12/01 15:27:58 INFO  - jmeter.JMeter: Loading system properties from: /usr/local/Cellar/jmeter/2.11/libexec/bin/system.properties 
2015/12/01 15:27:58 INFO  - jmeter.JMeter: Copyright (c) 1998-2014 The Apache Software Foundation 
2015/12/01 15:27:58 INFO  - jmeter.JMeter: Version 2.11 r1554548 
2015/12/01 15:27:58 INFO  - jmeter.JMeter: java.version=1.8.0_11 
2015/12/01 15:27:58 INFO  - jmeter.JMeter: java.vm.name=Java HotSpot(TM) 64-Bit Server VM 
2015/12/01 15:27:58 INFO  - jmeter.JMeter: os.name=Mac OS X 
2015/12/01 15:27:58 INFO  - jmeter.JMeter: os.arch=x86_64 
2015/12/01 15:27:58 INFO  - jmeter.JMeter: os.version=10.10.5 
2015/12/01 15:27:58 INFO  - jmeter.JMeter: file.encoding=UTF-8 
2015/12/01 15:27:58 INFO  - jmeter.JMeter: Default Locale=한국어 (대한민국) 
2015/12/01 15:27:58 INFO  - jmeter.JMeter: JMeter  Locale=한국어 (대한민국) 
2015/12/01 15:27:58 INFO  - jmeter.JMeter: JMeterHome=/usr/local/Cellar/jmeter/2.11/libexec 
2015/12/01 15:27:58 INFO  - jmeter.JMeter: user.dir  =/Users/syntaxfish/Dev/Project/moncast/makeus_notification/app/notification_api 
2015/12/01 15:27:58 INFO  - jmeter.JMeter: PWD       =/Users/syntaxfish/Dev/Project/moncast/makeus_notification/app/notification_api 
2015/12/01 15:28:01 INFO  - jmeter.JMeter: IP: 172.20.10.3 Name: 172.20.nate.com FullName: 172.20.nate.com 
2015/12/01 15:28:01 INFO  - jmeter.JMeter: Loaded icon properties from org/apache/jmeter/images/icon.properties 
2015/12/01 15:28:03 INFO  - jmeter.engine.util.CompoundVariable: Note: Function class names must contain the string: '.functions.' 
2015/12/01 15:28:03 INFO  - jmeter.engine.util.CompoundVariable: Note: Function class names must not contain the string: '.gui.' 
2015/12/01 15:28:03 INFO  - jmeter.gui.action.LookAndFeelCommand: Using look and feel: com.apple.laf.AquaLookAndFeel [Mac OS X, System] 
2015/12/01 15:28:04 INFO  - jmeter.util.BSFTestElement: Registering JMeter version of JavaScript engine as work-round for BSF-22 
2015/12/01 15:28:04 INFO  - jmeter.protocol.http.sampler.HTTPSamplerBase: Cannot find .className property for htmlParser, using default 
2015/12/01 15:28:04 INFO  - jmeter.protocol.http.sampler.HTTPSamplerBase: Parser for text/html is  
2015/12/01 15:28:04 INFO  - jmeter.protocol.http.sampler.HTTPSamplerBase: Parser for application/xhtml+xml is  
2015/12/01 15:28:04 INFO  - jmeter.protocol.http.sampler.HTTPSamplerBase: Parser for application/xml is  
2015/12/01 15:28:04 INFO  - jmeter.protocol.http.sampler.HTTPSamplerBase: Parser for text/xml is  
2015/12/01 15:28:04 INFO  - jmeter.protocol.http.sampler.HTTPSamplerBase: Parser for text/vnd.wap.wml is org.apache.jmeter.protocol.http.parser.RegexpHTMLParser 
2015/12/01 15:28:04 INFO  - jmeter.gui.util.MenuFactory: Skipping org.apache.jmeter.protocol.http.control.gui.WebServiceSamplerGui 
2015/12/01 15:28:04 INFO  - jmeter.gui.util.MenuFactory: Skipping org.apache.jmeter.protocol.http.modifier.gui.ParamModifierGui 
2015/12/01 15:28:05 INFO  - jorphan.exec.KeyToolUtils: keytool found at 'keytool' 
2015/12/01 15:28:05 INFO  - jmeter.protocol.http.proxy.ProxyControl: HTTP(S) Test Script Recorder SSL Proxy will use keys that support embedded 3rd party resources in file /usr/local/Cellar/jmeter/2.11/libexec/bin/proxyserver.jks 
2015/12/01 15:28:05 INFO  - jmeter.samplers.SampleResult: Note: Sample TimeStamps are START times 
2015/12/01 15:28:05 INFO  - jmeter.samplers.SampleResult: sampleresult.default.encoding is set to ISO-8859-1 
2015/12/01 15:28:05 INFO  - jmeter.samplers.SampleResult: sampleresult.useNanoTime=true 
2015/12/01 15:28:05 INFO  - jmeter.samplers.SampleResult: sampleresult.nanoThreadSleep=5000 
2015/12/01 15:28:15 INFO  - jmeter.services.FileServer: Default base='/Users/syntaxfish/Dev/Project/moncast/makeus_notification/app/notification_api' 
2015/12/01 15:28:15 INFO  - jmeter.gui.action.Load: Loading file: /Users/syntaxfish/Dev/Project/soma5/project/nodejs-write/nodejs-write.jmx 
2015/12/01 15:28:15 INFO  - jmeter.services.FileServer: Set new base='/Users/syntaxfish/Dev/Project/soma5/project/nodejs-write' 
2015/12/01 15:28:15 INFO  - jmeter.save.SaveService: Testplan (JMX) version: 2.2. Testlog (JTL) version: 2.2 
2015/12/01 15:28:15 INFO  - jmeter.save.SaveService: Using SaveService properties file encoding UTF-8 
2015/12/01 15:28:15 INFO  - jmeter.save.SaveService: Using SaveService properties version 2.6 
2015/12/01 15:28:15 INFO  - jmeter.save.SaveService: Using SaveService properties file version 1554411 
2015/12/01 15:28:15 INFO  - jmeter.save.SaveService: All converter versions present and correct 
2015/12/01 15:28:15 INFO  - jmeter.services.FileServer: Set new base='/Users/syntaxfish/Dev/Project/soma5/project/nodejs-write' 
2015/12/01 15:29:07 INFO  - jmeter.engine.StandardJMeterEngine: Listeners will be started after enabling running version 
2015/12/01 15:29:07 INFO  - jmeter.engine.StandardJMeterEngine: To revert to the earlier behaviour, define jmeterengine.startlistenerslater=false 
2015/12/01 15:29:07 INFO  - jmeter.engine.StandardJMeterEngine: Running the test! 
2015/12/01 15:29:07 INFO  - jmeter.samplers.SampleEvent: List of sample_variables: [] 
2015/12/01 15:29:07 INFO  - jmeter.samplers.SampleEvent: List of sample_variables: [] 
2015/12/01 15:29:07 INFO  - jmeter.gui.util.JMeterMenuBar: setRunning(true,*local*) 
2015/12/01 15:29:07 INFO  - jmeter.engine.StandardJMeterEngine: Starting ThreadGroup: 1 : nodejs-write 
2015/12/01 15:29:07 INFO  - jmeter.engine.StandardJMeterEngine: Starting 1 threads for group nodejs-write. 
2015/12/01 15:29:07 INFO  - jmeter.engine.StandardJMeterEngine: Thread will continue on error 
2015/12/01 15:29:07 INFO  - jmeter.threads.ThreadGroup: Starting thread group number 1 threads 1 ramp-up 1 perThread 1000.0 delayedStart=false 
2015/12/01 15:29:07 INFO  - jmeter.threads.JMeterThread: jmeterthread.startearlier=true (see jmeter.properties) 
2015/12/01 15:29:07 INFO  - jmeter.threads.JMeterThread: Running PostProcessors in forward order 
2015/12/01 15:29:07 INFO  - jmeter.threads.ThreadGroup: Started thread group number 1 
2015/12/01 15:29:07 INFO  - jmeter.engine.StandardJMeterEngine: All thread groups have been started 
2015/12/01 15:29:07 INFO  - jmeter.threads.JMeterThread: Thread started: nodejs-write 1-1 
2015/12/01 15:29:07 INFO  - jmeter.protocol.http.sampler.HTTPHCAbstractImpl: Local host = 172.20.nate.com 
2015/12/01 15:29:07 INFO  - jmeter.protocol.http.sampler.HTTPHC4Impl: HTTP request retry count = 0 
2015/12/01 15:29:07 INFO  - jmeter.protocol.http.sampler.HTTPHC4Impl: Setting up HTTPS TrustAll scheme 
2015/12/01 15:29:07 INFO  - jmeter.util.JsseSSLManager: Using default SSL protocol: TLS 
2015/12/01 15:29:07 INFO  - jmeter.util.JsseSSLManager: SSL session context: per-thread 
2015/12/01 15:29:16 INFO  - jmeter.gui.action.Start: Stopping test 
2015/12/01 15:29:16 INFO  - jmeter.threads.JMeterThread: Stopping: nodejs-write 1-1 
2015/12/01 15:29:16 WARN  - jmeter.util.JMeterUtils: Interrupted in thread nodejs-write 1-1 java.lang.InterruptedException
	at java.lang.Object.wait(Native Method)
	at java.lang.Object.wait(Object.java:502)
	at java.awt.EventQueue.invokeAndWait(EventQueue.java:1294)
	at java.awt.EventQueue.invokeAndWait(EventQueue.java:1275)
	at javax.swing.SwingUtilities.invokeAndWait(SwingUtilities.java:1348)
	at org.apache.jmeter.util.JMeterUtils.runSafe(JMeterUtils.java:1296)
	at org.apache.jmeter.visualizers.SplineVisualizer.add(SplineVisualizer.java:97)
	at org.apache.jmeter.reporters.ResultCollector.sendToVisualizer(ResultCollector.java:553)
	at org.apache.jmeter.reporters.ResultCollector.sampleOccurred(ResultCollector.java:529)
	at org.apache.jmeter.threads.ListenerNotifier.notifyListeners(ListenerNotifier.java:84)
	at org.apache.jmeter.threads.JMeterThread.notifyListeners(JMeterThread.java:783)
	at org.apache.jmeter.threads.JMeterThread.process_sampler(JMeterThread.java:443)
	at org.apache.jmeter.threads.JMeterThread.run(JMeterThread.java:257)
	at java.lang.Thread.run(Thread.java:745)

2015/12/01 15:29:16 INFO  - jmeter.threads.JMeterThread: Thread finished: nodejs-write 1-1 
2015/12/01 15:29:16 INFO  - jmeter.engine.StandardJMeterEngine: Notifying test listeners of end of test 
2015/12/01 15:29:16 INFO  - jmeter.gui.util.JMeterMenuBar: setRunning(false,*local*) 
2015/12/01 15:29:35 INFO  - jmeter.engine.StandardJMeterEngine: Running the test! 
2015/12/01 15:29:35 INFO  - jmeter.samplers.SampleEvent: List of sample_variables: [] 
2015/12/01 15:29:35 INFO  - jmeter.gui.util.JMeterMenuBar: setRunning(true,*local*) 
2015/12/01 15:29:35 INFO  - jmeter.engine.StandardJMeterEngine: Starting ThreadGroup: 1 : nodejs-write 
2015/12/01 15:29:35 INFO  - jmeter.engine.StandardJMeterEngine: Starting 1 threads for group nodejs-write. 
2015/12/01 15:29:35 INFO  - jmeter.engine.StandardJMeterEngine: Thread will continue on error 
2015/12/01 15:29:35 INFO  - jmeter.threads.ThreadGroup: Starting thread group number 1 threads 1 ramp-up 1 perThread 1000.0 delayedStart=false 
2015/12/01 15:29:35 INFO  - jmeter.threads.ThreadGroup: Started thread group number 1 
2015/12/01 15:29:35 INFO  - jmeter.engine.StandardJMeterEngine: All thread groups have been started 
2015/12/01 15:29:35 INFO  - jmeter.threads.JMeterThread: Thread started: nodejs-write 1-1 
2015/12/01 15:29:50 INFO  - jmeter.gui.action.Start: Stopping test 
2015/12/01 15:29:50 INFO  - jmeter.threads.JMeterThread: Stopping: nodejs-write 1-1 
2015/12/01 15:29:50 WARN  - jmeter.util.JMeterUtils: Interrupted in thread nodejs-write 1-1 java.lang.InterruptedException
	at java.lang.Object.wait(Native Method)
	at java.lang.Object.wait(Object.java:502)
	at java.awt.EventQueue.invokeAndWait(EventQueue.java:1294)
	at java.awt.EventQueue.invokeAndWait(EventQueue.java:1275)
	at javax.swing.SwingUtilities.invokeAndWait(SwingUtilities.java:1348)
	at org.apache.jmeter.util.JMeterUtils.runSafe(JMeterUtils.java:1296)
	at org.apache.jmeter.visualizers.SummaryReport.add(SummaryReport.java:166)
	at org.apache.jmeter.reporters.ResultCollector.sendToVisualizer(ResultCollector.java:553)
	at org.apache.jmeter.reporters.ResultCollector.sampleOccurred(ResultCollector.java:529)
	at org.apache.jmeter.threads.ListenerNotifier.notifyListeners(ListenerNotifier.java:84)
	at org.apache.jmeter.threads.JMeterThread.notifyListeners(JMeterThread.java:783)
	at org.apache.jmeter.threads.JMeterThread.process_sampler(JMeterThread.java:443)
	at org.apache.jmeter.threads.JMeterThread.run(JMeterThread.java:257)
	at java.lang.Thread.run(Thread.java:745)

2015/12/01 15:29:50 INFO  - jmeter.threads.JMeterThread: Thread finished: nodejs-write 1-1 
2015/12/01 15:29:50 INFO  - jmeter.engine.StandardJMeterEngine: Notifying test listeners of end of test 
2015/12/01 15:29:50 INFO  - jmeter.gui.util.JMeterMenuBar: setRunning(false,*local*) 
2015/12/01 15:30:34 INFO  - jmeter.engine.StandardJMeterEngine: Running the test! 
2015/12/01 15:30:34 INFO  - jmeter.samplers.SampleEvent: List of sample_variables: [] 
2015/12/01 15:30:34 INFO  - jmeter.gui.util.JMeterMenuBar: setRunning(true,*local*) 
2015/12/01 15:30:34 INFO  - jmeter.engine.StandardJMeterEngine: Starting ThreadGroup: 1 : nodejs-write 
2015/12/01 15:30:34 INFO  - jmeter.engine.StandardJMeterEngine: Starting 1 threads for group nodejs-write. 
2015/12/01 15:30:34 INFO  - jmeter.engine.StandardJMeterEngine: Thread will continue on error 
2015/12/01 15:30:34 INFO  - jmeter.threads.ThreadGroup: Starting thread group number 1 threads 1 ramp-up 1 perThread 1000.0 delayedStart=false 
2015/12/01 15:30:34 INFO  - jmeter.threads.ThreadGroup: Started thread group number 1 
2015/12/01 15:30:34 INFO  - jmeter.engine.StandardJMeterEngine: All thread groups have been started 
2015/12/01 15:30:34 INFO  - jmeter.threads.JMeterThread: Thread started: nodejs-write 1-1 
2015/12/01 15:30:50 INFO  - jmeter.gui.action.Start: Stopping test 
2015/12/01 15:30:50 INFO  - jmeter.threads.JMeterThread: Stopping: nodejs-write 1-1 
2015/12/01 15:30:50 WARN  - jmeter.threads.JMeterThread: Interrupting: nodejs-write 1-1 sampler: SEND ERROR 
2015/12/01 15:30:50 WARN  - jmeter.util.JMeterUtils: Interrupted in thread nodejs-write 1-1 java.lang.InterruptedException
	at java.lang.Object.wait(Native Method)
	at java.lang.Object.wait(Object.java:502)
	at java.awt.EventQueue.invokeAndWait(EventQueue.java:1294)
	at java.awt.EventQueue.invokeAndWait(EventQueue.java:1275)
	at javax.swing.SwingUtilities.invokeAndWait(SwingUtilities.java:1348)
	at org.apache.jmeter.util.JMeterUtils.runSafe(JMeterUtils.java:1296)
	at org.apache.jmeter.visualizers.SummaryReport.add(SummaryReport.java:166)
	at org.apache.jmeter.reporters.ResultCollector.sendToVisualizer(ResultCollector.java:553)
	at org.apache.jmeter.reporters.ResultCollector.sampleOccurred(ResultCollector.java:529)
	at org.apache.jmeter.threads.ListenerNotifier.notifyListeners(ListenerNotifier.java:84)
	at org.apache.jmeter.threads.JMeterThread.notifyListeners(JMeterThread.java:783)
	at org.apache.jmeter.threads.JMeterThread.process_sampler(JMeterThread.java:443)
	at org.apache.jmeter.threads.JMeterThread.run(JMeterThread.java:257)
	at java.lang.Thread.run(Thread.java:745)

2015/12/01 15:30:50 INFO  - jmeter.threads.JMeterThread: Thread finished: nodejs-write 1-1 
2015/12/01 15:30:50 INFO  - jmeter.engine.StandardJMeterEngine: Notifying test listeners of end of test 
2015/12/01 15:30:50 INFO  - jmeter.gui.util.JMeterMenuBar: setRunning(false,*local*) 
